
Entering foo2
Exiting foo2
Entering new_day
Entering new_day
Exiting new_day
Exiting new_day
Entering foo2
Exiting foo2
2015-03-17 22:45:39,354 INFO test
2015-03-17 22:45:39,354 INFO Exiting foo2
2015-03-17 22:45:50,933 INFO test
2015-03-17 22:45:50,933 INFO test
2015-03-17 22:45:50,959 INFO Exiting new_day
2015-03-17 22:45:50,959 INFO Exiting new_day
2015-03-17 22:46:15,729 INFO Entering new_day
2015-03-17 22:46:15,729 INFO Entering new_day
2015-03-17 22:46:15,750 INFO Exiting new_day
2015-03-17 22:46:15,750 INFO Exiting new_day
2015-03-17 22:47:38,073 INFO Entering get_last_filed
2015-03-17 22:47:38,073 INFO Entering get_last_filed
2015-03-17 22:47:38,073 INFO Entering get_last_filed
2015-03-17 22:47:38,073 INFO Entering get_last_filed
2015-03-17 22:47:38,073 INFO Entering get_last_filed
2015-03-17 22:47:38,073 INFO Entering get_last_filed
2015-03-17 22:47:38,073 INFO Entering get_last_filed
2015-03-17 22:47:38,075 INFO Exiting get_last_filed
2015-03-17 22:47:38,075 INFO Exiting get_last_filed
2015-03-17 22:47:38,075 INFO Exiting get_last_filed
2015-03-17 22:47:38,075 INFO Exiting get_last_filed
2015-03-17 22:47:38,075 INFO Exiting get_last_filed
2015-03-17 22:47:38,075 INFO Exiting get_last_filed
2015-03-17 22:47:38,075 INFO Exiting get_last_filed
2015-03-17 22:47:38,075 INFO Entering next_location
2015-03-17 22:47:38,075 INFO Entering next_location
2015-03-17 22:47:38,075 INFO Entering next_location
2015-03-17 22:47:38,075 INFO Entering next_location
2015-03-17 22:47:38,075 INFO Entering next_location
2015-03-17 22:47:38,075 INFO Entering next_location
2015-03-17 22:47:38,075 INFO Entering next_location
2015-03-17 22:47:38,075 INFO Entering new_day
2015-03-17 22:47:38,075 INFO Entering new_day
2015-03-17 22:47:38,075 INFO Entering new_day
2015-03-17 22:47:38,075 INFO Entering new_day
2015-03-17 22:47:38,075 INFO Entering new_day
2015-03-17 22:47:38,075 INFO Entering new_day
2015-03-17 22:47:38,075 INFO Entering new_day
2015-03-17 22:47:38,094 INFO Exiting new_day
2015-03-17 22:47:38,094 INFO Exiting new_day
2015-03-17 22:47:38,094 INFO Exiting new_day
2015-03-17 22:47:38,094 INFO Exiting new_day
2015-03-17 22:47:38,094 INFO Exiting new_day
2015-03-17 22:47:38,094 INFO Exiting new_day
2015-03-17 22:47:38,094 INFO Exiting new_day
2015-03-17 22:47:38,095 INFO Exiting next_location
2015-03-17 22:47:38,095 INFO Exiting next_location
2015-03-17 22:47:38,095 INFO Exiting next_location
2015-03-17 22:47:38,095 INFO Exiting next_location
2015-03-17 22:47:38,095 INFO Exiting next_location
2015-03-17 22:47:38,095 INFO Exiting next_location
2015-03-17 22:47:38,095 INFO Exiting next_location
2015-03-17 22:47:38,099 INFO Entering migrate_db
2015-03-17 22:47:38,099 INFO Entering migrate_db
2015-03-17 22:47:38,099 INFO Entering migrate_db
2015-03-17 22:47:38,099 INFO Entering migrate_db
2015-03-17 22:47:38,099 INFO Entering migrate_db
2015-03-17 22:47:38,099 INFO Entering migrate_db
2015-03-17 22:47:38,099 INFO Entering migrate_db
2015-03-17 22:47:38,107 INFO Exiting migrate_db
2015-03-17 22:47:38,107 INFO Exiting migrate_db
2015-03-17 22:47:38,107 INFO Exiting migrate_db
2015-03-17 22:47:38,107 INFO Exiting migrate_db
2015-03-17 22:47:38,107 INFO Exiting migrate_db
2015-03-17 22:47:38,107 INFO Exiting migrate_db
2015-03-17 22:47:38,107 INFO Exiting migrate_db
